Calming Colour/Temp/gradleOut/build/outputs/logs/manifest-merger-release-report.txt
-- Merging decision tree log ---
manifest
ADDED from src\main\AndroidManifest.xml:2:1-31:12
INJECTED from src\main\AndroidManifest.xml:2:1-31:12
INJECTED from src\main\AndroidManifest.xml:2:1-31:12
INJECTED from src\main\AndroidManifest.xml:2:1-31:12
MERGED from [:gvr-keyboard:] AndroidManifest.xml:2:1-11:12
MERGED from [:gvr-keyboardsupport-release:] AndroidManifest.xml:2:1-31:12
MERGED from [:gvr-permissionsupport-release:] AndroidManifest.xml:2:1-30:12
MERGED from [:gvr:] AndroidManifest.xml:2:1-9:12
MERGED from [:OVRPlugin:] AndroidManifest.xml:2:1-9:12
MERGED from [:unitygvr:] AndroidManifest.xml:2:1-11:12
INJECTED from src\main\AndroidManifest.xml:2:1-31:12
INJECTED from src\main\AndroidManifest.xml:2:1-31:12
INJECTED from src\main\AndroidManifest.xml:2:1-31:12
	package
		ADDED from src\main\AndroidManifest.xml:2:70-102
		INJECTED from src\main\AndroidManifest.xml
		INJECTED from src\main\AndroidManifest.xml
	android:versionName
		INJECTED from src\main\AndroidManifest.xml
		ADDED from src\main\AndroidManifest.xml:2:1-31:12
		INJECTED from src\main\AndroidManifest.xml
	xmlns:tools
		ADDED from src\main\AndroidManifest.xml:2:103-149
	android:versionCode
		INJECTED from src\main\AndroidManifest.xml
		ADDED from src\main\AndroidManifest.xml:2:1-31:12
		INJECTED from src\main\AndroidManifest.xml
	xmlns:android
		ADDED from src\main\AndroidManifest.xml:2:11-69
	android:installLocation
		ADDED from src\main\AndroidManifest.xml:2:150-180
supports-screens
ADDED from src\main\AndroidManifest.xml:3:3-163
	android:largeScreens
		ADDED from src\main\AndroidManifest.xml:3:78-105
	android:smallScreens
		ADDED from src\main\AndroidManifest.xml:3:21-48
	android:normalScreens
		ADDED from src\main\AndroidManifest.xml:3:49-77
	android:xlargeScreens
		ADDED from src\main\AndroidManifest.xml:3:106-134
	android:anyDensity
		ADDED from src\main\AndroidManifest.xml:3:135-160
application
ADDED from src\main\AndroidManifest.xml:4:3-22:17
MERGED from [:gvr-keyboardsupport-release:] AndroidManifest.xml:11:5-29:19
MERGED from [:gvr-keyboardsupport-release:] AndroidManifest.xml:11:5-29:19
MERGED from [:gvr-permissionsupport-release:] AndroidManifest.xml:11:5-28:19
MERGED from [:gvr-permissionsupport-release:] AndroidManifest.xml:11:5-28:19
MERGED from [:OVRPlugin:] AndroidManifest.xml:4:3-6:17
MERGED from [:OVRPlugin:] AndroidManifest.xml:4:3-6:17
	android:supportsRtl
		ADDED from [:gvr-keyboardsupport-release:] AndroidManifest.xml:14:9-35
	android:label
		ADDED from src\main\AndroidManifest.xml:4:48-80
	android:allowBackup
		ADDED from [:gvr-keyboardsupport-release:] AndroidManifest.xml:12:9-35
	android:icon
		ADDED from src\main\AndroidManifest.xml:4:16-47
	android:theme
		ADDED from src\main\AndroidManifest.xml:4:81-119
activity#com.unity3d.player.UnityPlayerActivity
ADDED from src\main\AndroidManifest.xml:5:5-15:16
	android:screenOrientation
		ADDED from src\main\AndroidManifest.xml:5:102-139
	android:label
		ADDED from src\main\AndroidManifest.xml:5:69-101
	android:launchMode
		ADDED from src\main\AndroidManifest.xml:5:140-171
	android:hardwareAccelerated
		ADDED from src\main\AndroidManifest.xml:5:282-317
	android:resizeableActivity
		ADDED from src\main\AndroidManifest.xml:5:318-352
	android:configChanges
		ADDED from src\main\AndroidManifest.xml:5:172-281
	android:theme
		ADDED from src\main\AndroidManifest.xml:5:353-417
	android:name
		ADDED from src\main\AndroidManifest.xml:5:15-68
intent-filter#action:name:android.intent.action.MAIN+category:name:android.intent.category.INFO+category:name:com.google.intent.category.DAYDREAM
ADDED from src\main\AndroidManifest.xml:6:7-10:23
action#android.intent.action.MAIN
ADDED from src\main\AndroidManifest.xml:7:9-61
	android:name
		ADDED from src\main\AndroidManifest.xml:7:17-58
category#android.intent.category.INFO
ADDED from src\main\AndroidManifest.xml:8:9-65
	android:name
		ADDED from src\main\AndroidManifest.xml:8:19-62
category#com.google.intent.category.DAYDREAM
ADDED from src\main\AndroidManifest.xml:9:9-72
	android:name
		ADDED from src\main\AndroidManifest.xml:9:19-69
meta-data#unityplayer.UnityActivity
ADDED from src\main\AndroidManifest.xml:11:7-82
	android:value
		ADDED from src\main\AndroidManifest.xml:11:59-79
	android:name
		ADDED from src\main\AndroidManifest.xml:11:18-58
meta-data#com.google.android.vr.icon
ADDED from src\main\AndroidManifest.xml:12:7-105
	android:resource
		ADDED from src\main\AndroidManifest.xml:12:60-102
	android:name
		ADDED from src\main\AndroidManifest.xml:12:18-59
meta-data#com.google.android.vr.icon_background
ADDED from src\main\AndroidManifest.xml:13:7-115
	android:resource
		ADDED from src\main\AndroidManifest.xml:13:71-112
	android:name
		ADDED from src\main\AndroidManifest.xml:13:18-70
meta-data#android.notch_support
ADDED from src\main\AndroidManifest.xml:14:7-78
	android:value
		ADDED from src\main\AndroidManifest.xml:14:55-75
	android:name
		ADDED from src\main\AndroidManifest.xml:14:18-54
meta-data#unityplayer.SkipPermissionsDialog
ADDED from src\main\AndroidManifest.xml:16:5-88
	android:value
		ADDED from src\main\AndroidManifest.xml:16:65-85
	android:name
		ADDED from src\main\AndroidManifest.xml:16:16-64
meta-data#unity.build-id
ADDED from src\main\AndroidManifest.xml:17:5-101
	android:value
		ADDED from src\main\AndroidManifest.xml:17:46-98
	android:name
		ADDED from src\main\AndroidManifest.xml:17:16-45
meta-data#unity.splash-mode
ADDED from src\main\AndroidManifest.xml:18:5-69
	android:value
		ADDED from src\main\AndroidManifest.xml:18:49-66
	android:name
		ADDED from src\main\AndroidManifest.xml:18:16-48
meta-data#unity.splash-enable
ADDED from src\main\AndroidManifest.xml:19:5-75
	android:value
		ADDED from src\main\AndroidManifest.xml:19:51-72
	android:name
		ADDED from src\main\AndroidManifest.xml:19:16-50
meta-data#notch.config
ADDED from src\main\AndroidManifest.xml:20:5-81
	android:value
		ADDED from src\main\AndroidManifest.xml:20:44-78
	android:name
		ADDED from src\main\AndroidManifest.xml:20:16-43
meta-data#com.samsung.android.vr.application.mode
ADDED from src\main\AndroidManifest.xml:21:5-97
MERGED from [:OVRPlugin:] AndroidManifest.xml:5:5-96
MERGED from [:OVRPlugin:] AndroidManifest.xml:5:5-96
	android:value
		ADDED from src\main\AndroidManifest.xml:21:71-94
	android:name
		ADDED from src\main\AndroidManifest.xml:21:16-70
uses-feature#0x00030000
ADDED from src\main\AndroidManifest.xml:23:3-52
	android:glEsVersion
		ADDED from src\main\AndroidManifest.xml:23:17-49
uses-feature#android.hardware.vr.headtracking
ADDED from src\main\AndroidManifest.xml:24:3-112
	android:version
		ADDED from src\main\AndroidManifest.xml:24:90-109
	android:required
		ADDED from src\main\AndroidManifest.xml:24:65-89
	android:name
		ADDED from src\main\AndroidManifest.xml:24:17-64
uses-feature#android.software.vr.mode
ADDED from src\main\AndroidManifest.xml:25:3-59
	android:name
		ADDED from src\main\AndroidManifest.xml:25:17-56
uses-feature#android.hardware.vr.high_performance
ADDED from src\main\AndroidManifest.xml:26:3-96
	android:required
		ADDED from src\main\AndroidManifest.xml:26:69-93
	android:name
		ADDED from src\main\AndroidManifest.xml:26:17-68
uses-permission#android.permission.INTERNET
ADDED from src\main\AndroidManifest.xml:27:3-65
MERGED from [:OVRPlugin:] AndroidManifest.xml:7:3-65
MERGED from [:OVRPlugin:] AndroidManifest.xml:7:3-65
	android:name
		ADDED from src\main\AndroidManifest.xml:27:20-62
uses-feature#android.hardware.touchscreen
ADDED from src\main\AndroidManifest.xml:28:3-88
	android:required
		ADDED from src\main\AndroidManifest.xml:28:61-85
	android:name
		ADDED from src\main\AndroidManifest.xml:28:17-60
uses-feature#android.hardware.touchscreen.multitouch
ADDED from src\main\AndroidManifest.xml:29:3-99
	android:required
		ADDED from src\main\AndroidManifest.xml:29:72-96
	android:name
		ADDED from src\main\AndroidManifest.xml:29:17-71
uses-feature#android.hardware.touchscreen.multitouch.distinct
ADDED from src\main\AndroidManifest.xml:30:3-108
	android:required
		ADDED from src\main\AndroidManifest.xml:30:81-105
	android:name
		ADDED from src\main\AndroidManifest.xml:30:17-80
uses-sdk
INJECTED from src\main\AndroidManifest.xml reason: use-sdk injection requested
INJECTED from src\main\AndroidManifest.xml
INJECTED from src\main\AndroidManifest.xml
MERGED from [:gvr-keyboard:] AndroidManifest.xml:7:5-9:41
MERGED from [:gvr-keyboard:] AndroidManifest.xml:7:5-9:41
MERGED from [:gvr-keyboardsupport-release:] AndroidManifest.xml:7:5-9:41
MERGED from [:gvr-keyboardsupport-release:] AndroidManifest.xml:7:5-9:41
MERGED from [:gvr-permissionsupport-release:] AndroidManifest.xml:7:5-9:41
MERGED from [:gvr-permissionsupport-release:] AndroidManifest.xml:7:5-9:41
MERGED from [:gvr:] AndroidManifest.xml:5:5-7:41
MERGED from [:gvr:] AndroidManifest.xml:5:5-7:41
MERGED from [:OVRPlugin:] AndroidManifest.xml:3:3-45
MERGED from [:OVRPlugin:] AndroidManifest.xml:3:3-45
MERGED from [:unitygvr:] AndroidManifest.xml:7:5-9:41
MERGED from [:unitygvr:] AndroidManifest.xml:7:5-9:41
INJECTED from src\main\AndroidManifest.xml
INJECTED from src\main\AndroidManifest.xml
	android:targetSdkVersion
		INJECTED from src\main\AndroidManifest.xml
		ADDED from src\main\AndroidManifest.xml
		INJECTED from src\main\AndroidManifest.xml
	android:minSdkVersion
		INJECTED from src\main\AndroidManifest.xml
		ADDED from src\main\AndroidManifest.xml
		MERGED from src\main\AndroidManifest.xml
		INJECTED from src\main\AndroidManifest.xml
activity#com.google.gvr.keyboardsupport.TransitionVRActivity
ADDED from [:gvr-keyboardsupport-release:] AndroidManifest.xml:17:9-28:20
	android:label
		ADDED from [:gvr-keyboardsupport-release:] AndroidManifest.xml:22:13-45
	android:enableVrMode
		ADDED from [:gvr-keyboardsupport-release:] AndroidManifest.xml:20:13-106
	android:exported
		ADDED from [:gvr-keyboardsupport-release:] AndroidManifest.xml:21:13-37
	android:resizeableActivity
		ADDED from [:gvr-keyboardsupport-release:] AndroidManifest.xml:23:13-47
	android:configChanges
		ADDED from [:gvr-keyboardsupport-release:] AndroidManifest.xml:19:13-100
	android:name
		ADDED from [:gvr-keyboardsupport-release:] AndroidManifest.xml:18:13-79
intent-filter#category:name:android.intent.category.LAUNCHER+category:name:com.google.intent.category.DAYDREAM
ADDED from [:gvr-keyboardsupport-release:] AndroidManifest.xml:24:13-27:29
category#android.intent.category.LAUNCHER
ADDED from [:gvr-keyboardsupport-release:] AndroidManifest.xml:25:17-77
	android:name
		ADDED from [:gvr-keyboardsupport-release:] AndroidManifest.xml:25:27-74
activity#com.google.gvr.permissionsupport.TransitionVRActivity
ADDED from [:gvr-permissionsupport-release:] AndroidManifest.xml:17:9-27:20
	android:label
		ADDED from [:gvr-permissionsupport-release:] AndroidManifest.xml:22:13-45
	android:enableVrMode
		ADDED from [:gvr-permissionsupport-release:] AndroidManifest.xml:20:13-106
	android:exported
		ADDED from [:gvr-permissionsupport-release:] AndroidManifest.xml:21:13-37
	android:configChanges
		ADDED from [:gvr-permissionsupport-release:] AndroidManifest.xml:19:13-100
	android:name
		ADDED from [:gvr-permissionsupport-release:] AndroidManifest.xml:18:13-81
uses-permission#android.permission.WAKE_LOCK
ADDED from [:OVRPlugin:] AndroidManifest.xml:8:3-66
	android:name
		ADDED from [:OVRPlugin:] AndroidManifest.xml:8:20-63